matrixcalc_AMD64 @ SNMBHARATH:  xxxxxxxxxxxxxxxxxxxxxxxxxxxxxxxxxxxxxxxxxxxxxxxxxxxxxxxxxxxxx
                                20/May/2022 07:57:42  current system memory usage reached 85%
                                xxxxxxxxxxxxxxxxxxxxxxxxxxxxxxxxxxxxxxxxxxxxxxxxxxxxxxxxxxxxx

matrixcalc_AMD64 @ SNMBHARATH: 1xN000:  xxxxxxxxxxxxxxxxxxxxxxxxxxxxxxxxxxxxxxxxxxxxxxxxxxxxxxxxxxxxx
                                        20/May/2022 07:59:37  current system memory usage reached 85%
                                        xxxxxxxxxxxxxxxxxxxxxxxxxxxxxxxxxxxxxxxxxxxxxxxxxxxxxxxxxxxxx



matrixcalc_AMD64 @ SNMBHARATH: 1xN002:  xxxxxxxxxxxxxxxxxxxxxxxxxxxxxxxxxxxxxxxxxxxxxxxxxxxxxxxxxxxxx
                                        20/May/2022 07:58:35  current system memory usage reached 85%
                                        xxxxxxxxxxxxxxxxxxxxxxxxxxxxxxxxxxxxxxxxxxxxxxxxxxxxxxxxxxxxx



matrixcalc_AMD64 @ SNMBHARATH: 1xN003:  xxxxxxxxxxxxxxxxxxxxxxxxxxxxxxxxxxxxxxxxxxxxxxxxxxxxxxxxxxxxx
                                        20/May/2022 07:58:36  current system memory usage reached 85%
                                        xxxxxxxxxxxxxxxxxxxxxxxxxxxxxxxxxxxxxxxxxxxxxxxxxxxxxxxxxxxxx



matrixcalc_AMD64 @ SNMBHARATH: 1xN004:  xxxxxxxxxxxxxxxxxxxxxxxxxxxxxxxxxxxxxxxxxxxxxxxxxxxxxxxxxxxxx
                                        20/May/2022 07:59:31  current system memory usage reached 85%
                                        xxxxxxxxxxxxxxxxxxxxxxxxxxxxxxxxxxxxxxxxxxxxxxxxxxxxxxxxxxxxx



matrixcalc_AMD64 @ SNMBHARATH: 1xN005:  xxxxxxxxxxxxxxxxxxxxxxxxxxxxxxxxxxxxxxxxxxxxxxxxxxxxxxxxxxxxx
                                        20/May/2022 07:59:12  current system memory usage reached 85%
                                        xxxxxxxxxxxxxxxxxxxxxxxxxxxxxxxxxxxxxxxxxxxxxxxxxxxxxxxxxxxxx



matrixcalc_AMD64 @ SNMBHARATH: 1xN007:  xxxxxxxxxxxxxxxxxxxxxxxxxxxxxxxxxxxxxxxxxxxxxxxxxxxxxxxxxxxxx
                                        20/May/2022 07:59:12  current system memory usage reached 85%
                                        xxxxxxxxxxxxxxxxxxxxxxxxxxxxxxxxxxxxxxxxxxxxxxxxxxxxxxxxxxxxx



